[debug] [2019-03-07T17:07:31.130Z] ----------------------------------------------------------------------
[debug] [2019-03-07T17:07:31.136Z] Command:       C:\Program Files\nodejs\node.exe C:\Users\Juancho\AppData\Roaming\npm\node_modules\firebase-tools\lib\bin\firebase.js deploy --only functions:prospectosBixpro
[debug] [2019-03-07T17:07:31.136Z] CLI Version:   6.4.0
[debug] [2019-03-07T17:07:31.136Z] Platform:      win32
[debug] [2019-03-07T17:07:31.136Z] Node Version:  v10.15.0
[debug] [2019-03-07T17:07:31.138Z] Time:          Thu Mar 07 2019 12:07:31 GMT-0500 (GMT-05:00)
[debug] [2019-03-07T17:07:31.138Z] ----------------------------------------------------------------------
[debug] 
[debug] [2019-03-07T17:07:31.154Z] > command requires scopes: ["email","openid","https://www.googleapis.com/auth/cloudplatformprojects.readonly","https://www.googleapis.com/auth/firebase","https://www.googleapis.com/auth/cloud-platform"]
[debug] [2019-03-07T17:07:31.156Z] > authorizing via signed-in user
[debug] [2019-03-07T17:07:31.156Z] [iam] checking project cms-mic for permissions ["cloudfunctions.functions.create","cloudfunctions.functions.delete","cloudfunctions.functions.get","cloudfunctions.functions.list","cloudfunctions.functions.update","cloudfunctions.operations.get","firebase.projects.get"]
[debug] [2019-03-07T17:07:31.160Z] > refreshing access token with scopes: ["email","https://www.googleapis.com/auth/cloud-platform","https://www.googleapis.com/auth/cloudplatformprojects.readonly","https://www.googleapis.com/auth/firebase","openid"]
[debug] [2019-03-07T17:07:31.160Z] >>> HTTP REQUEST POST https://www.googleapis.com/oauth2/v3/token  
 <request body omitted>
[debug] [2019-03-07T17:07:31.470Z] <<< HTTP RESPONSE 200
[debug] [2019-03-07T17:07:31.640Z] >>> HTTP REQUEST POST https://cloudresourcemanager.googleapis.com/v1/projects/cms-mic:testIamPermissions  

[debug] [2019-03-07T17:07:32.285Z] <<< HTTP RESPONSE 200
[info] 
[info] === Deploying to 'cms-mic'...
[info] 
[info] i  deploying functions
[info] Running command: npm --prefix "%RESOURCE_DIR%" run lint
[info] Running command: npm --prefix "%RESOURCE_DIR%" run build
[info] +  functions: Finished running predeploy script.
[debug] [2019-03-07T17:07:49.450Z] > [functions] package.json contents: {
  "name": "functions",
  "scripts": {
    "lint": "tslint --project tsconfig.json",
    "build": "tsc",
    "serve": "npm run build && firebase serve --only functions",
    "shell": "npm run build && firebase functions:shell",
    "start": "npm run shell",
    "deploy": "firebase deploy --only functions",
    "logs": "firebase functions:log"
  },
  "main": "lib/index.js",
  "dependencies": {
    "firebase-admin": "~7.0.0",
    "firebase-functions": "^2.2.0",
    "body-parser": "^1.18.3",
    "cors": "^2.8.5",
    "express": "^4.16.4"
  },
  "devDependencies": {
    "tslint": "^5.12.0",
    "typescript": "^3.3.1"
  },
  "private": true
}
[info] i  functions: ensuring necessary APIs are enabled...
[debug] [2019-03-07T17:07:49.452Z] >>> HTTP REQUEST GET https://servicemanagement.googleapis.com/v1/services/cloudfunctions.googleapis.com/projectSettings/cms-mic?view=CONSUMER_VIEW  
 
[debug] [2019-03-07T17:07:49.452Z] >>> HTTP REQUEST GET https://servicemanagement.googleapis.com/v1/services/runtimeconfig.googleapis.com/projectSettings/cms-mic?view=CONSUMER_VIEW  
 
[debug] [2019-03-07T17:07:50.555Z] <<< HTTP RESPONSE 200
[debug] [2019-03-07T17:07:50.584Z] <<< HTTP RESPONSE 200
[info] +  functions: all necessary APIs are enabled
[debug] [2019-03-07T17:07:50.586Z] >>> HTTP REQUEST GET https://cloudresourcemanager.googleapis.com/v1/projects/cms-mic  
 
[debug] [2019-03-07T17:07:51.049Z] <<< HTTP RESPONSE 200
[debug] [2019-03-07T17:07:51.050Z] >>> HTTP REQUEST GET https://mobilesdk-pa.googleapis.com/v1/projects/187963035573:getServerAppConfig  
 
[debug] [2019-03-07T17:07:51.446Z] <<< HTTP RESPONSE 200
[info] i  functions: preparing functions directory for uploading...
[debug] [2019-03-07T17:07:51.453Z] >>> HTTP REQUEST GET https://runtimeconfig.googleapis.com/v1beta1/projects/cms-mic/configs  
 
[debug] [2019-03-07T17:07:52.006Z] <<< HTTP RESPONSE 200
[debug] [2019-03-07T17:07:52.008Z] >>> HTTP REQUEST GET https://runtimeconfig.googleapis.com/v1beta1/projects/cms-mic/configs/algolia/variables  
 
[debug] [2019-03-07T17:07:52.008Z] >>> HTTP REQUEST GET https://runtimeconfig.googleapis.com/v1beta1/projects/cms-mic/configs/sendgrid/variables  
 
[debug] [2019-03-07T17:07:52.140Z] <<< HTTP RESPONSE 200
[debug] [2019-03-07T17:07:52.140Z] >>> HTTP REQUEST GET https://runtimeconfig.googleapis.com/v1beta1/projects/cms-mic/configs/algolia/variables/apikey  
 
[debug] [2019-03-07T17:07:52.141Z] >>> HTTP REQUEST GET https://runtimeconfig.googleapis.com/v1beta1/projects/cms-mic/configs/algolia/variables/appid  
 
[debug] [2019-03-07T17:07:52.388Z] <<< HTTP RESPONSE 200
[debug] [2019-03-07T17:07:52.388Z] >>> HTTP REQUEST GET https://runtimeconfig.googleapis.com/v1beta1/projects/cms-mic/configs/sendgrid/variables/key  
 
[debug] [2019-03-07T17:07:52.396Z] <<< HTTP RESPONSE 200
[debug] [2019-03-07T17:07:52.784Z] <<< HTTP RESPONSE 200
[debug] [2019-03-07T17:07:52.840Z] <<< HTTP RESPONSE 200
[info] i  functions: packaged functions (42.01 KB) for uploading
[debug] [2019-03-07T17:07:53.455Z] >>> HTTP REQUEST POST https://cloudfunctions.googleapis.com/v1/projects/cms-mic/locations/us-central1/functions:generateUploadUrl  
 
[debug] [2019-03-07T17:07:54.146Z] <<< HTTP RESPONSE 200
[debug] [2019-03-07T17:07:54.147Z] >>> HTTP REQUEST PUT https://storage.googleapis.com/gcf-upload-us-central1-bfb40bcf-347f-4745-9040-08122f2e4ae3/b977e2b7-2ed7-424b-a429-ebb1d83ad60c.zip?GoogleAccessId=service-187963035573@gcf-admin-robot.iam.gserviceaccount.com&Expires=1551980274&Signature=hXoe%2BzoPjC%2BVB0jP2Id1NkstkxGiKqX1C8xxFeHuqCqUsdJwRrSBcU49vu2SonGU1FypfAw9WtE8a7YOd9mnI8%2BSyj2gmwx%2FkB4b%2FgQeZMomPcO21i70wGXuOzkedxEUEisbx1mx5jO3RIh7Wyhi%2BCj86wveCatFz35JCm6xuijAAUx1e71CWHcwfZKhA5q4GS8FiJ1cEF4i%2FQYhQZYycjSam2rN4BwL2cDCyhKCBjuNmd7y8szaAUEDIDZnTiPdSJksAeG6cSK%2FI4zotLx4byd%2FQozSsd9RxErJaFC1b4tLwYmrIWppT0nGmYWMp6RwU8MnPIKSTNyLRLjn7ZgTeA%3D%3D  

[debug] [2019-03-07T17:07:54.796Z] <<< HTTP RESPONSE 200
[info] +  functions: functions folder uploaded successfully
[debug] [2019-03-07T17:07:54.798Z] >>> HTTP REQUEST GET https://cloudfunctions.googleapis.com/v1/projects/cms-mic/locations/-/functions  
 
[debug] [2019-03-07T17:07:55.337Z] <<< HTTP RESPONSE 200
[debug] [2019-03-07T17:07:55.339Z] > [functions] filtering triggers to: [
  "projects/cms-mic/locations/us-central1/functions/prospectosBixpro"
]
[info] i  functions: current functions in project: actualizacionConfiguracionSitio(us-central1), actualizacionFaviconSitio(us-central1), authentication(us-central1), cambiarContrasena(us-central1), decrementarEspacioStorage(us-central1), epaycoplanes(us-central1), epaycopse(us-central1), formCambioContrasena(us-central1), getDataEpayco(us-central1), increaseStorageSpace(us-central1), indexBuscadorProductos(us-central1), procesarFormularioContacto(us-central1), prospectosBixpro(us-central1), recuperarContrasena(us-central1), reloadIndexBuscadorProductos(us-central1), solicitarCategorias(us-central1), solicitarProductos(us-central1), solicitarTerminosSitios(us-central1), suscriptions(us-central1), unIndexBuscadorProductos(us-central1), updateIndexBuscadorProductos(us-central1), usuarioNuevo(us-central1), webServer(us-central1)
[info] i  functions: uploading functions in project: prospectosBixpro(us-central1)
[info] i  functions: updating Node.js 6 function prospectosBixpro(us-central1)...
[debug] [2019-03-07T17:07:55.346Z] Trigger is:  {"httpsTrigger":{}}
[debug] [2019-03-07T17:07:55.347Z] >>> HTTP REQUEST PATCH https://cloudfunctions.googleapis.com/v1/projects/cms-mic/locations/us-central1/functions/prospectosBixpro {"updateMask":"sourceUploadUrl,name,labels,httpsTrigger"} 

[debug] [2019-03-07T17:07:56.066Z] <<< HTTP RESPONSE 200
[debug] [2019-03-07T17:07:56.069Z] >>> HTTP REQUEST GET https://cloudfunctions.googleapis.com/v1/projects/cms-mic/locations/-/functions  
 
[debug] [2019-03-07T17:07:56.538Z] <<< HTTP RESPONSE 200
[debug] [2019-03-07T17:07:56.539Z] >>> HTTP REQUEST GET https://cloudfunctions.googleapis.com/v1/operations/Y21zLW1pYy91cy1jZW50cmFsMS9wcm9zcGVjdG9zQml4cHJvL3ZDcF9lRUF4bzd3  
 
[debug] [2019-03-07T17:07:56.736Z] <<< HTTP RESPONSE 200
[debug] [2019-03-07T17:07:58.737Z] >>> HTTP REQUEST GET https://cloudfunctions.googleapis.com/v1/operations/Y21zLW1pYy91cy1jZW50cmFsMS9wcm9zcGVjdG9zQml4cHJvL3ZDcF9lRUF4bzd3  
 
[debug] [2019-03-07T17:07:58.992Z] <<< HTTP RESPONSE 200
[debug] [2019-03-07T17:08:00.993Z] >>> HTTP REQUEST GET https://cloudfunctions.googleapis.com/v1/operations/Y21zLW1pYy91cy1jZW50cmFsMS9wcm9zcGVjdG9zQml4cHJvL3ZDcF9lRUF4bzd3  
 
[debug] [2019-03-07T17:08:01.390Z] <<< HTTP RESPONSE 200
[debug] [2019-03-07T17:08:03.391Z] >>> HTTP REQUEST GET https://cloudfunctions.googleapis.com/v1/operations/Y21zLW1pYy91cy1jZW50cmFsMS9wcm9zcGVjdG9zQml4cHJvL3ZDcF9lRUF4bzd3  
 
[debug] [2019-03-07T17:08:03.826Z] <<< HTTP RESPONSE 200
[debug] [2019-03-07T17:08:05.827Z] >>> HTTP REQUEST GET https://cloudfunctions.googleapis.com/v1/operations/Y21zLW1pYy91cy1jZW50cmFsMS9wcm9zcGVjdG9zQml4cHJvL3ZDcF9lRUF4bzd3  
 
[debug] [2019-03-07T17:08:06.025Z] <<< HTTP RESPONSE 200
